{"C:\\kimson\\Kim_Coding\\project\\sudoku\\src\\core\\sudoku.ts": {"path":"C:\\kimson\\Kim_Coding\\project\\sudoku\\src\\core\\sudoku.ts","statementMap":{"0":{"start":{"line":1,"column":0},"end":{"line":1,"column":35}},"1":{"start":{"line":2,"column":0},"end":{"line":2,"column":49}},"2":{"start":{"line":14,"column":21},"end":{"line":14,"column":35}},"3":{"start":{"line":16,"column":21},"end":{"line":16,"column":23}},"4":{"start":{"line":17,"column":27},"end":{"line":20,"column":4}},"5":{"start":{"line":21,"column":18},"end":{"line":21,"column":19}},"6":{"start":{"line":31,"column":18},"end":{"line":31,"column":37}},"7":{"start":{"line":32,"column":20},"end":{"line":32,"column":63}},"8":{"start":{"line":34,"column":4},"end":{"line":40,"column":5}},"9":{"start":{"line":35,"column":20},"end":{"line":35,"column":49}},"10":{"start":{"line":36,"column":25},"end":{"line":36,"column":37}},"11":{"start":{"line":37,"column":6},"end":{"line":39,"column":7}},"12":{"start":{"line":38,"column":8},"end":{"line":38,"column":73}},"13":{"start":{"line":42,"column":4},"end":{"line":42,"column":73}},"14":{"start":{"line":42,"column":34},"end":{"line":42,"column":71}},"15":{"start":{"line":46,"column":27},"end":{"line":46,"column":29}},"16":{"start":{"line":47,"column":4},"end":{"line":52,"column":5}},"17":{"start":{"line":48,"column":26},"end":{"line":48,"column":59}},"18":{"start":{"line":49,"column":6},"end":{"line":51,"column":7}},"19":{"start":{"line":50,"column":8},"end":{"line":50,"column":31}},"20":{"start":{"line":53,"column":4},"end":{"line":53,"column":16}},"21":{"start":{"line":57,"column":17},"end":{"line":57,"column":19}},"22":{"start":{"line":58,"column":21},"end":{"line":58,"column":31}},"23":{"start":{"line":59,"column":21},"end":{"line":59,"column":36}},"24":{"start":{"line":60,"column":4},"end":{"line":71,"column":5}},"25":{"start":{"line":60,"column":19},"end":{"line":60,"column":20}},"26":{"start":{"line":61,"column":19},"end":{"line":61,"column":21}},"27":{"start":{"line":62,"column":6},"end":{"line":69,"column":7}},"28":{"start":{"line":62,"column":21},"end":{"line":62,"column":22}},"29":{"start":{"line":63,"column":21},"end":{"line":66,"column":null}},"30":{"start":{"line":68,"column":8},"end":{"line":68,"column":24}},"31":{"start":{"line":70,"column":6},"end":{"line":70,"column":22}},"32":{"start":{"line":72,"column":4},"end":{"line":72,"column":16}},"33":{"start":{"line":76,"column":23},"end":{"line":76,"column":50}},"34":{"start":{"line":77,"column":17},"end":{"line":77,"column":19}},"35":{"start":{"line":78,"column":21},"end":{"line":78,"column":31}},"36":{"start":{"line":79,"column":4},"end":{"line":90,"column":5}},"37":{"start":{"line":79,"column":19},"end":{"line":79,"column":20}},"38":{"start":{"line":80,"column":19},"end":{"line":80,"column":21}},"39":{"start":{"line":81,"column":6},"end":{"line":88,"column":7}},"40":{"start":{"line":81,"column":21},"end":{"line":81,"column":22}},"41":{"start":{"line":82,"column":21},"end":{"line":85,"column":null}},"42":{"start":{"line":87,"column":8},"end":{"line":87,"column":24}},"43":{"start":{"line":89,"column":6},"end":{"line":89,"column":22}},"44":{"start":{"line":91,"column":4},"end":{"line":91,"column":16}},"45":{"start":{"line":96,"column":4},"end":{"line":96,"column":50}},"46":{"start":{"line":100,"column":21},"end":{"line":100,"column":31}},"47":{"start":{"line":101,"column":4},"end":{"line":109,"column":5}},"48":{"start":{"line":101,"column":19},"end":{"line":101,"column":20}},"49":{"start":{"line":102,"column":19},"end":{"line":102,"column":21}},"50":{"start":{"line":103,"column":6},"end":{"line":107,"column":7}},"51":{"start":{"line":103,"column":21},"end":{"line":103,"column":22}},"52":{"start":{"line":104,"column":28},"end":{"line":104,"column":61}},"53":{"start":{"line":105,"column":21},"end":{"line":105,"column":52}},"54":{"start":{"line":106,"column":8},"end":{"line":106,"column":24}},"55":{"start":{"line":108,"column":6},"end":{"line":108,"column":29}},"56":{"start":{"line":114,"column":4},"end":{"line":114,"column":32}},"57":{"start":{"line":115,"column":4},"end":{"line":115,"column":21}},"58":{"start":{"line":116,"column":4},"end":{"line":119,"column":6}},"59":{"start":{"line":120,"column":4},"end":{"line":120,"column":19}},"60":{"start":{"line":121,"column":4},"end":{"line":121,"column":21}},"61":{"start":{"line":124,"column":4},"end":{"line":124,"column":35}},"62":{"start":{"line":125,"column":4},"end":{"line":125,"column":21}},"63":{"start":{"line":129,"column":4},"end":{"line":129,"column":33}},"64":{"start":{"line":132,"column":4},"end":{"line":132,"column":31}},"65":{"start":{"line":137,"column":17},"end":{"line":137,"column":38}},"66":{"start":{"line":138,"column":4},"end":{"line":138,"column":16}},"67":{"start":{"line":141,"column":4},"end":{"line":141,"column":28}},"68":{"start":{"line":144,"column":17},"end":{"line":144,"column":19}},"69":{"start":{"line":145,"column":4},"end":{"line":150,"column":5}},"70":{"start":{"line":146,"column":19},"end":{"line":146,"column":27}},"71":{"start":{"line":147,"column":6},"end":{"line":149,"column":7}},"72":{"start":{"line":148,"column":8},"end":{"line":148,"column":24}},"73":{"start":{"line":151,"column":4},"end":{"line":151,"column":16}},"74":{"start":{"line":154,"column":19},"end":{"line":154,"column":40}},"75":{"start":{"line":155,"column":19},"end":{"line":155,"column":40}},"76":{"start":{"line":156,"column":4},"end":{"line":156,"column":36}},"77":{"start":{"line":157,"column":4},"end":{"line":157,"column":36}},"78":{"start":{"line":158,"column":17},"end":{"line":158,"column":19}},"79":{"start":{"line":159,"column":4},"end":{"line":166,"column":5}},"80":{"start":{"line":159,"column":19},"end":{"line":159,"column":25}},"81":{"start":{"line":160,"column":6},"end":{"line":165,"column":7}},"82":{"start":{"line":160,"column":21},"end":{"line":160,"column":27}},"83":{"start":{"line":161,"column":21},"end":{"line":161,"column":46}},"84":{"start":{"line":162,"column":8},"end":{"line":164,"column":9}},"85":{"start":{"line":163,"column":10},"end":{"line":163,"column":26}},"86":{"start":{"line":167,"column":4},"end":{"line":167,"column":52}},"87":{"start":{"line":168,"column":4},"end":{"line":168,"column":16}},"88":{"start":{"line":173,"column":20},"end":{"line":173,"column":55}},"89":{"start":{"line":174,"column":4},"end":{"line":176,"column":7}},"90":{"start":{"line":175,"column":6},"end":{"line":175,"column":42}},"91":{"start":{"line":177,"column":4},"end":{"line":177,"column":51}},"92":{"start":{"line":177,"column":40},"end":{"line":177,"column":49}},"93":{"start":{"line":10,"column":0},"end":{"line":10,"column":21}}},"fnMap":{"0":{"name":"(anonymous_1)","decl":{"start":{"line":25,"column":2},"end":{"line":25,"column":null}},"loc":{"start":{"line":25,"column":2},"end":{"line":27,"column":3}}},"1":{"name":"(anonymous_2)","decl":{"start":{"line":30,"column":2},"end":{"line":30,"column":24}},"loc":{"start":{"line":30,"column":45},"end":{"line":43,"column":3}}},"2":{"name":"(anonymous_3)","decl":{"start":{"line":42,"column":24},"end":{"line":42,"column":25}},"loc":{"start":{"line":42,"column":34},"end":{"line":42,"column":71}}},"3":{"name":"(anonymous_4)","decl":{"start":{"line":45,"column":2},"end":{"line":45,"column":23}},"loc":{"start":{"line":45,"column":23},"end":{"line":54,"column":3}}},"4":{"name":"(anonymous_5)","decl":{"start":{"line":56,"column":2},"end":{"line":56,"column":24}},"loc":{"start":{"line":56,"column":44},"end":{"line":73,"column":3}}},"5":{"name":"(anonymous_6)","decl":{"start":{"line":75,"column":2},"end":{"line":75,"column":26}},"loc":{"start":{"line":75,"column":26},"end":{"line":92,"column":3}}},"6":{"name":"(anonymous_7)","decl":{"start":{"line":94,"column":2},"end":{"line":94,"column":11}},"loc":{"start":{"line":94,"column":11},"end":{"line":97,"column":3}}},"7":{"name":"(anonymous_8)","decl":{"start":{"line":99,"column":2},"end":{"line":99,"column":11}},"loc":{"start":{"line":99,"column":11},"end":{"line":110,"column":3}}},"8":{"name":"(anonymous_9)","decl":{"start":{"line":113,"column":2},"end":{"line":113,"column":6}},"loc":{"start":{"line":113,"column":6},"end":{"line":122,"column":3}}},"9":{"name":"(anonymous_10)","decl":{"start":{"line":123,"column":2},"end":{"line":123,"column":5}},"loc":{"start":{"line":123,"column":5},"end":{"line":127,"column":3}}},"10":{"name":"(anonymous_11)","decl":{"start":{"line":128,"column":2},"end":{"line":128,"column":7}},"loc":{"start":{"line":128,"column":7},"end":{"line":130,"column":3}}},"11":{"name":"(anonymous_12)","decl":{"start":{"line":131,"column":2},"end":{"line":131,"column":5}},"loc":{"start":{"line":131,"column":5},"end":{"line":133,"column":3}}},"12":{"name":"(anonymous_13)","decl":{"start":{"line":136,"column":2},"end":{"line":136,"column":11}},"loc":{"start":{"line":136,"column":32},"end":{"line":139,"column":3}}},"13":{"name":"(anonymous_14)","decl":{"start":{"line":140,"column":2},"end":{"line":140,"column":11}},"loc":{"start":{"line":140,"column":21},"end":{"line":142,"column":3}}},"14":{"name":"(anonymous_15)","decl":{"start":{"line":143,"column":2},"end":{"line":143,"column":14}},"loc":{"start":{"line":143,"column":24},"end":{"line":152,"column":3}}},"15":{"name":"(anonymous_16)","decl":{"start":{"line":153,"column":2},"end":{"line":153,"column":11}},"loc":{"start":{"line":153,"column":32},"end":{"line":169,"column":3}}},"16":{"name":"(anonymous_17)","decl":{"start":{"line":172,"column":2},"end":{"line":172,"column":11}},"loc":{"start":{"line":172,"column":24},"end":{"line":178,"column":3}}},"17":{"name":"(anonymous_18)","decl":{"start":{"line":174,"column":17},"end":{"line":174,"column":18}},"loc":{"start":{"line":174,"column":26},"end":{"line":176,"column":5}}},"18":{"name":"(anonymous_19)","decl":{"start":{"line":177,"column":25},"end":{"line":177,"column":26}},"loc":{"start":{"line":177,"column":40},"end":{"line":177,"column":49}}}},"branchMap":{"0":{"loc":{"start":{"line":37,"column":6},"end":{"line":39,"column":7}},"type":"if","locations":[{"start":{"line":37,"column":6},"end":{"line":39,"column":7}}]},"1":{"loc":{"start":{"line":49,"column":6},"end":{"line":51,"column":7}},"type":"if","locations":[{"start":{"line":49,"column":6},"end":{"line":51,"column":7}}]},"2":{"loc":{"start":{"line":59,"column":21},"end":{"line":59,"column":36}},"type":"binary-expr","locations":[{"start":{"line":59,"column":21},"end":{"line":59,"column":31}},{"start":{"line":59,"column":35},"end":{"line":59,"column":36}}]},"3":{"loc":{"start":{"line":147,"column":6},"end":{"line":149,"column":7}},"type":"if","locations":[{"start":{"line":147,"column":6},"end":{"line":149,"column":7}}]},"4":{"loc":{"start":{"line":162,"column":8},"end":{"line":164,"column":9}},"type":"if","locations":[{"start":{"line":162,"column":8},"end":{"line":164,"column":9}}]}},"s":{"0":1,"1":1,"2":1,"3":1,"4":1,"5":1,"6":2,"7":2,"8":2,"9":18,"10":18,"11":18,"12":13,"13":2,"14":162,"15":0,"16":0,"17":0,"18":0,"19":0,"20":0,"21":0,"22":0,"23":0,"24":0,"25":0,"26":0,"27":0,"28":0,"29":0,"30":0,"31":0,"32":0,"33":10,"34":10,"35":10,"36":10,"37":10,"38":90,"39":90,"40":90,"41":810,"42":810,"43":90,"44":10,"45":10,"46":0,"47":0,"48":0,"49":0,"50":0,"51":0,"52":0,"53":0,"54":0,"55":0,"56":6,"57":6,"58":6,"59":6,"60":6,"61":1,"62":1,"63":0,"64":0,"65":1,"66":1,"67":0,"68":1,"69":1,"70":9,"71":9,"72":9,"73":1,"74":0,"75":0,"76":0,"77":0,"78":0,"79":0,"80":0,"81":0,"82":0,"83":0,"84":0,"85":0,"86":0,"87":0,"88":1,"89":1,"90":9,"91":1,"92":1,"93":1},"f":{"0":1,"1":2,"2":162,"3":0,"4":0,"5":10,"6":10,"7":0,"8":6,"9":1,"10":0,"11":0,"12":1,"13":0,"14":1,"15":0,"16":1,"17":9,"18":1},"b":{"0":[13],"1":[0],"2":[0,0],"3":[9],"4":[0]}}
,"C:\\kimson\\Kim_Coding\\project\\sudoku\\src\\modules\\cell.ts": {"path":"C:\\kimson\\Kim_Coding\\project\\sudoku\\src\\modules\\cell.ts","statementMap":{"0":{"start":{"line":1,"column":0},"end":{"line":1,"column":26}},"1":{"start":{"line":2,"column":0},"end":{"line":2,"column":49}},"2":{"start":{"line":11,"column":21},"end":{"line":11,"column":36}},"3":{"start":{"line":14,"column":4},"end":{"line":14,"column":29}},"4":{"start":{"line":15,"column":4},"end":{"line":15,"column":15}},"5":{"start":{"line":16,"column":4},"end":{"line":16,"column":15}},"6":{"start":{"line":17,"column":4},"end":{"line":17,"column":26}},"7":{"start":{"line":18,"column":4},"end":{"line":18,"column":34}},"8":{"start":{"line":19,"column":4},"end":{"line":19,"column":24}},"9":{"start":{"line":20,"column":4},"end":{"line":20,"column":22}},"10":{"start":{"line":24,"column":4},"end":{"line":24,"column":33}},"11":{"start":{"line":28,"column":4},"end":{"line":28,"column":35}},"12":{"start":{"line":32,"column":4},"end":{"line":32,"column":34}},"13":{"start":{"line":36,"column":4},"end":{"line":36,"column":48}},"14":{"start":{"line":40,"column":4},"end":{"line":40,"column":28}},"15":{"start":{"line":44,"column":4},"end":{"line":44,"column":24}},"16":{"start":{"line":48,"column":4},"end":{"line":48,"column":25}},"17":{"start":{"line":52,"column":4},"end":{"line":52,"column":28}},"18":{"start":{"line":56,"column":4},"end":{"line":56,"column":52}},"19":{"start":{"line":56,"column":45},"end":{"line":56,"column":50}},"20":{"start":{"line":4,"column":0},"end":{"line":4,"column":21}}},"fnMap":{"0":{"name":"(anonymous_0)","decl":{"start":{"line":13,"column":2},"end":{"line":13,"column":14}},"loc":{"start":{"line":13,"column":49},"end":{"line":21,"column":3}}},"1":{"name":"(anonymous_1)","decl":{"start":{"line":23,"column":2},"end":{"line":23,"column":12}},"loc":{"start":{"line":23,"column":12},"end":{"line":25,"column":3}}},"2":{"name":"(anonymous_2)","decl":{"start":{"line":27,"column":2},"end":{"line":27,"column":14}},"loc":{"start":{"line":27,"column":14},"end":{"line":29,"column":3}}},"3":{"name":"(anonymous_3)","decl":{"start":{"line":31,"column":2},"end":{"line":31,"column":13}},"loc":{"start":{"line":31,"column":13},"end":{"line":33,"column":3}}},"4":{"name":"(anonymous_4)","decl":{"start":{"line":35,"column":2},"end":{"line":35,"column":21}},"loc":{"start":{"line":35,"column":21},"end":{"line":37,"column":3}}},"5":{"name":"(anonymous_5)","decl":{"start":{"line":39,"column":2},"end":{"line":39,"column":19}},"loc":{"start":{"line":39,"column":33},"end":{"line":41,"column":3}}},"6":{"name":"(anonymous_6)","decl":{"start":{"line":43,"column":2},"end":{"line":43,"column":18}},"loc":{"start":{"line":43,"column":18},"end":{"line":45,"column":3}}},"7":{"name":"(anonymous_7)","decl":{"start":{"line":47,"column":2},"end":{"line":47,"column":9}},"loc":{"start":{"line":47,"column":23},"end":{"line":49,"column":3}}},"8":{"name":"(anonymous_8)","decl":{"start":{"line":51,"column":2},"end":{"line":51,"column":12}},"loc":{"start":{"line":51,"column":26},"end":{"line":53,"column":3}}},"9":{"name":"(anonymous_9)","decl":{"start":{"line":55,"column":2},"end":{"line":55,"column":10}},"loc":{"start":{"line":55,"column":10},"end":{"line":57,"column":3}}},"10":{"name":"(anonymous_10)","decl":{"start":{"line":56,"column":35},"end":{"line":56,"column":36}},"loc":{"start":{"line":56,"column":45},"end":{"line":56,"column":50}}}},"branchMap":{"0":{"loc":{"start":{"line":18,"column":23},"end":{"line":18,"column":33}},"type":"binary-expr","locations":[{"start":{"line":18,"column":23},"end":{"line":18,"column":28}},{"start":{"line":18,"column":32},"end":{"line":18,"column":33}}]}},"s":{"0":1,"1":1,"2":810,"3":810,"4":810,"5":810,"6":810,"7":810,"8":810,"9":810,"10":810,"11":0,"12":0,"13":1,"14":0,"15":0,"16":0,"17":0,"18":0,"19":0,"20":1},"f":{"0":810,"1":810,"2":0,"3":0,"4":1,"5":0,"6":0,"7":0,"8":0,"9":0,"10":0},"b":{"0":[810,0]}}
,"C:\\kimson\\Kim_Coding\\project\\sudoku\\src\\types\\sudoku.type.ts": {"path":"C:\\kimson\\Kim_Coding\\project\\sudoku\\src\\types\\sudoku.type.ts","statementMap":{"0":{"start":{"line":1,"column":18},"end":{"line":5,"column":11}},"1":{"start":{"line":16,"column":9},"end":{"line":16,"column":18}},"2":{"start":{"line":8,"column":18},"end":{"line":13,"column":11}},"3":{"start":{"line":16,"column":20},"end":{"line":16,"column":29}}},"fnMap":{},"branchMap":{},"s":{"0":1,"1":1,"2":1,"3":1},"f":{},"b":{}}
}
