TN:
SF:src\core\sudoku.ts
FN:25,(anonymous_1)
FN:30,(anonymous_2)
FN:42,(anonymous_3)
FN:45,(anonymous_4)
FN:56,(anonymous_5)
FN:75,(anonymous_6)
FN:94,(anonymous_7)
FN:99,(anonymous_8)
FN:113,(anonymous_9)
FN:123,(anonymous_10)
FN:128,(anonymous_11)
FN:131,(anonymous_12)
FN:136,(anonymous_13)
FN:140,(anonymous_14)
FN:143,(anonymous_15)
FN:153,(anonymous_16)
FN:172,(anonymous_17)
FN:174,(anonymous_18)
FN:177,(anonymous_19)
FNF:19
FNH:12
FNDA:1,(anonymous_1)
FNDA:2,(anonymous_2)
FNDA:162,(anonymous_3)
FNDA:0,(anonymous_4)
FNDA:0,(anonymous_5)
FNDA:10,(anonymous_6)
FNDA:10,(anonymous_7)
FNDA:0,(anonymous_8)
FNDA:6,(anonymous_9)
FNDA:1,(anonymous_10)
FNDA:0,(anonymous_11)
FNDA:0,(anonymous_12)
FNDA:1,(anonymous_13)
FNDA:0,(anonymous_14)
FNDA:1,(anonymous_15)
FNDA:0,(anonymous_16)
FNDA:1,(anonymous_17)
FNDA:9,(anonymous_18)
FNDA:1,(anonymous_19)
DA:1,1
DA:2,1
DA:10,1
DA:14,1
DA:16,1
DA:17,1
DA:21,1
DA:31,2
DA:32,2
DA:34,2
DA:35,18
DA:36,18
DA:37,18
DA:38,13
DA:42,162
DA:46,0
DA:47,0
DA:48,0
DA:49,0
DA:50,0
DA:53,0
DA:57,0
DA:58,0
DA:59,0
DA:60,0
DA:61,0
DA:62,0
DA:63,0
DA:68,0
DA:70,0
DA:72,0
DA:76,10
DA:77,10
DA:78,10
DA:79,10
DA:80,90
DA:81,90
DA:82,810
DA:87,810
DA:89,90
DA:91,10
DA:96,10
DA:100,0
DA:101,0
DA:102,0
DA:103,0
DA:104,0
DA:105,0
DA:106,0
DA:108,0
DA:114,6
DA:115,6
DA:116,6
DA:120,6
DA:121,6
DA:124,1
DA:125,1
DA:129,0
DA:132,0
DA:137,1
DA:138,1
DA:141,0
DA:144,1
DA:145,1
DA:146,9
DA:147,9
DA:148,9
DA:151,1
DA:154,0
DA:155,0
DA:156,0
DA:157,0
DA:158,0
DA:159,0
DA:160,0
DA:161,0
DA:162,0
DA:163,0
DA:167,0
DA:168,0
DA:173,1
DA:174,1
DA:175,9
DA:177,1
LF:84
LH:45
BRDA:37,0,0,13
BRDA:49,1,0,0
BRDA:59,2,0,0
BRDA:59,2,1,0
BRDA:147,3,0,9
BRDA:162,4,0,0
BRF:6
BRH:2
end_of_record
TN:
SF:src\modules\cell.ts
FN:13,(anonymous_0)
FN:23,(anonymous_1)
FN:27,(anonymous_2)
FN:31,(anonymous_3)
FN:35,(anonymous_4)
FN:39,(anonymous_5)
FN:43,(anonymous_6)
FN:47,(anonymous_7)
FN:51,(anonymous_8)
FN:55,(anonymous_9)
FN:56,(anonymous_10)
FNF:11
FNH:3
FNDA:810,(anonymous_0)
FNDA:810,(anonymous_1)
FNDA:0,(anonymous_2)
FNDA:0,(anonymous_3)
FNDA:1,(anonymous_4)
FNDA:0,(anonymous_5)
FNDA:0,(anonymous_6)
FNDA:0,(anonymous_7)
FNDA:0,(anonymous_8)
FNDA:0,(anonymous_9)
FNDA:0,(anonymous_10)
DA:1,1
DA:2,1
DA:4,1
DA:11,810
DA:14,810
DA:15,810
DA:16,810
DA:17,810
DA:18,810
DA:19,810
DA:20,810
DA:24,810
DA:28,0
DA:32,0
DA:36,1
DA:40,0
DA:44,0
DA:48,0
DA:52,0
DA:56,0
LF:20
LH:13
BRDA:18,0,0,810
BRDA:18,0,1,0
BRF:2
BRH:1
end_of_record
TN:
SF:src\types\sudoku.type.ts
FNF:0
FNH:0
DA:1,1
DA:8,1
DA:16,1
LF:3
LH:3
BRF:0
BRH:0
end_of_record
